This file contains any messages produced by compilers while
running configure, to aid debugging if configure makes a mistake.

It was created by screen-message configure 0.18, which was
generated by GNU Autoconf 2.65.  Invocation command line was

  $ ./configure 

## --------- ##
## Platform. ##
## --------- ##

hostname = ker
uname -m = x86_64
uname -r = 3.1.0-4-ARCH
uname -s = Linux
uname -v = #1 SMP PREEMPT Mon Nov 7 22:47:18 CET 2011

/usr/bin/uname -p = unknown
/bin/uname -X     = unknown

/bin/arch              = x86_64
/usr/bin/arch -k       = unknown
/usr/convex/getsysinfo = unknown
/usr/bin/hostinfo      = unknown
/bin/machine           = unknown
/usr/bin/oslevel       = unknown
/bin/universe          = unknown

PATH: /home/florolf/bin/bin/
PATH: /usr/local/bin
PATH: /usr/bin
PATH: /bin
PATH: /usr/local/sbin
PATH: /usr/sbin
PATH: /sbin
PATH: /opt/java/bin
PATH: /opt/java/db/bin
PATH: /opt/java/jre/bin
PATH: /usr/bin/vendor_perl
PATH: /usr/bin/core_perl
PATH: /opt/qt/bin


## ----------- ##
## Core tests. ##
## ----------- ##

configure:1900: checking for a BSD-compatible install
configure:1968: result: /bin/install -c
configure:1979: checking whether build environment is sane
configure:2029: result: yes
configure:2170: checking for a thread-safe mkdir -p
configure:2209: result: /bin/mkdir -p
configure:2222: checking for gawk
configure:2238: found /usr/bin/gawk
configure:2249: result: gawk
configure:2260: checking whether make sets $(MAKE)
configure:2282: result: yes
configure:2740: checking for pkg-config
configure:2758: found /usr/bin/pkg-config
configure:2770: result: /usr/bin/pkg-config
configure:2795: checking pkg-config is at least version 0.9.0
configure:2798: result: yes
configure:2889: checking for gcc
configure:2905: found /usr/bin/gcc
configure:2916: result: gcc
configure:3145: checking for C compiler version
configure:3154: gcc --version >&5
gcc (GCC) 4.6.2
Copyright (C) 2011 Free Software Foundation, Inc.
This is free software; see the source for copying conditions.  There is NO
warranty; not even for MERCHANTABILITY or FITNESS FOR A PARTICULAR PURPOSE.

configure:3165: $? = 0
configure:3154: gcc -v >&5
Using built-in specs.
COLLECT_GCC=gcc
COLLECT_LTO_WRAPPER=/usr/lib/gcc/x86_64-unknown-linux-gnu/4.6.2/lto-wrapper
Target: x86_64-unknown-linux-gnu
Configured with: /build/src/gcc-4.6.2/configure --prefix=/usr --libdir=/usr/lib --libexecdir=/usr/lib --mandir=/usr/share/man --infodir=/usr/share/info --with-bugurl=https://bugs.archlinux.org/ --enable-languages=c,c++,ada,fortran,go,lto,objc,obj-c++ --enable-shared --enable-threads=posix --with-system-zlib --enable-__cxa_atexit --disable-libunwind-exceptions --enable-clocale=gnu --enable-gnu-unique-object --enable-linker-build-id --with-ppl --enable-cloog-backend=isl --enable-lto --enable-gold --enable-ld=default --enable-plugin --with-plugin-ld=ld.gold --disable-multilib --disable-libssp --disable-libstdcxx-pch --enable-checking=release
Thread model: posix
gcc version 4.6.2 (GCC) 
configure:3165: $? = 0
configure:3154: gcc -V >&5
gcc: error: unrecognized option '-V'
gcc: fatal error: no input files
compilation terminated.
configure:3165: $? = 1
configure:3154: gcc -qversion >&5
gcc: error: unrecognized option '-qversion'
gcc: fatal error: no input files
compilation terminated.
configure:3165: $? = 1
configure:3185: checking whether the C compiler works
configure:3207: gcc    conftest.c  >&5
configure:3211: $? = 0
configure:3260: result: yes
configure:3263: checking for C compiler default output file name
configure:3265: result: a.out
configure:3271: checking for suffix of executables
configure:3278: gcc -o conftest    conftest.c  >&5
configure:3282: $? = 0
configure:3304: result: 
configure:3326: checking whether we are cross compiling
configure:3334: gcc -o conftest    conftest.c  >&5
configure:3338: $? = 0
configure:3345: ./conftest
configure:3349: $? = 0
configure:3364: result: no
configure:3369: checking for suffix of object files
configure:3391: gcc -c   conftest.c >&5
configure:3395: $? = 0
configure:3416: result: o
configure:3420: checking whether we are using the GNU C compiler
configure:3439: gcc -c   conftest.c >&5
configure:3439: $? = 0
configure:3448: result: yes
configure:3457: checking whether gcc accepts -g
configure:3477: gcc -c -g  conftest.c >&5
configure:3477: $? = 0
configure:3518: result: yes
configure:3535: checking for gcc option to accept ISO C89
configure:3599: gcc  -c -g -O2  conftest.c >&5
configure:3599: $? = 0
configure:3612: result: none needed
configure:3643: checking for style of include used by make
configure:3671: result: GNU
configure:3696: checking dependency style of gcc
configure:3806: result: gcc3
configure:3828: checking how to run the C preprocessor
configure:3859: gcc -E  conftest.c
configure:3859: $? = 0
configure:3873: gcc -E  conftest.c
conftest.c:11:28: fatal error: ac_nonexistent.h: No such file or directory
compilation terminated.
configure:3873: $? = 1
configure: failed program was:
| /* confdefs.h */
| #define PACKAGE_NAME "screen-message"
| #define PACKAGE_TARNAME "screen-message"
| #define PACKAGE_VERSION "0.18"
| #define PACKAGE_STRING "screen-message 0.18"
| #define PACKAGE_BUGREPORT "mail@joachim-breitner.de"
| #define PACKAGE_URL ""
| #define PACKAGE "screen-message"
| #define VERSION "0.18"
| /* end confdefs.h.  */
| #include <ac_nonexistent.h>
configure:3898: result: gcc -E
configure:3918: gcc -E  conftest.c
configure:3918: $? = 0
configure:3932: gcc -E  conftest.c
conftest.c:11:28: fatal error: ac_nonexistent.h: No such file or directory
compilation terminated.
configure:3932: $? = 1
configure: failed program was:
| /* confdefs.h */
| #define PACKAGE_NAME "screen-message"
| #define PACKAGE_TARNAME "screen-message"
| #define PACKAGE_VERSION "0.18"
| #define PACKAGE_STRING "screen-message 0.18"
| #define PACKAGE_BUGREPORT "mail@joachim-breitner.de"
| #define PACKAGE_URL ""
| #define PACKAGE "screen-message"
| #define VERSION "0.18"
| /* end confdefs.h.  */
| #include <ac_nonexistent.h>
configure:3961: checking for grep that handles long lines and -e
configure:4019: result: /bin/grep
configure:4024: checking for egrep
configure:4086: result: /bin/grep -E
configure:4091: checking for ANSI C header files
configure:4111: gcc -c -g -O2  conftest.c >&5
configure:4111: $? = 0
configure:4184: gcc -o conftest -g -O2   conftest.c  >&5
configure:4184: $? = 0
configure:4184: ./conftest
configure:4184: $? = 0
configure:4195: result: yes
configure:4206: checking for DEPS
configure:4214: $PKG_CONFIG --exists --print-errors "gtk+-2.0 >= 2.10 gdk-2.0 >= 2.10 pango >= 1.16"
configure:4217: $? = 0
configure:4232: $PKG_CONFIG --exists --print-errors "gtk+-2.0 >= 2.10 gdk-2.0 >= 2.10 pango >= 1.16"
configure:4235: $? = 0
configure:4290: result: yes
configure:4421: creating ./config.status

## ---------------------- ##
## Running config.status. ##
## ---------------------- ##

This file was extended by screen-message config.status 0.18, which was
generated by GNU Autoconf 2.65.  Invocation command line was

  CONFIG_FILES    = 
  CONFIG_HEADERS  = 
  CONFIG_LINKS    = 
  CONFIG_COMMANDS = 
  $ ./config.status 

on ker

config.status:855: creating setup.iss
config.status:855: creating README.Win32
config.status:855: creating Makefile
config.status:855: creating config.h
config.status:1075: executing depfiles commands

## ---------------- ##
## Cache variables. ##
## ---------------- ##

ac_cv_c_compiler_gnu=yes
ac_cv_env_CC_set=
ac_cv_env_CC_value=
ac_cv_env_CFLAGS_set=
ac_cv_env_CFLAGS_value=
ac_cv_env_CPPFLAGS_set=
ac_cv_env_CPPFLAGS_value=
ac_cv_env_CPP_set=
ac_cv_env_CPP_value=
ac_cv_env_DEPS_CFLAGS_set=
ac_cv_env_DEPS_CFLAGS_value=
ac_cv_env_DEPS_LIBS_set=
ac_cv_env_DEPS_LIBS_value=
ac_cv_env_LDFLAGS_set=
ac_cv_env_LDFLAGS_value=
ac_cv_env_LIBS_set=
ac_cv_env_LIBS_value=
ac_cv_env_PKG_CONFIG_set=
ac_cv_env_PKG_CONFIG_value=
ac_cv_env_build_alias_set=
ac_cv_env_build_alias_value=
ac_cv_env_host_alias_set=
ac_cv_env_host_alias_value=
ac_cv_env_target_alias_set=
ac_cv_env_target_alias_value=
ac_cv_header_stdc=yes
ac_cv_objext=o
ac_cv_path_EGREP='/bin/grep -E'
ac_cv_path_GREP=/bin/grep
ac_cv_path_ac_pt_PKG_CONFIG=/usr/bin/pkg-config
ac_cv_path_install='/bin/install -c'
ac_cv_path_mkdir=/bin/mkdir
ac_cv_prog_AWK=gawk
ac_cv_prog_CPP='gcc -E'
ac_cv_prog_ac_ct_CC=gcc
ac_cv_prog_cc_c89=
ac_cv_prog_cc_g=yes
ac_cv_prog_make_make_set=yes
am_cv_CC_dependencies_compiler_type=gcc3
pkg_cv_DEPS_CFLAGS='-pthread -I/usr/include/gtk-2.0 -I/usr/lib/gtk-2.0/include -I/usr/include/atk-1.0 -I/usr/include/cairo -I/usr/include/gdk-pixbuf-2.0 -I/usr/include/pango-1.0 -I/usr/include/glib-2.0 -I/usr/lib/glib-2.0/include -I/usr/include/pixman-1 -I/usr/include/freetype2 -I/usr/include/libpng14  '
pkg_cv_DEPS_LIBS='-pthread -lgtk-x11-2.0 -latk-1.0 -lgio-2.0 -lpangoft2-1.0 -lfreetype -lfontconfig -lgdk-x11-2.0 -lpangocairo-1.0 -lgdk_pixbuf-2.0 -lcairo -lpango-1.0 -lgobject-2.0 -lgmodule-2.0 -lgthread-2.0 -lrt -lglib-2.0  '

## ----------------- ##
## Output variables. ##
## ----------------- ##

ACLOCAL='${SHELL} /tmp/3/screen-message-0.18/missing --run aclocal-1.11'
AMDEPBACKSLASH='\'
AMDEP_FALSE='#'
AMDEP_TRUE=''
AMTAR='${SHELL} /tmp/3/screen-message-0.18/missing --run tar'
AUTOCONF='${SHELL} /tmp/3/screen-message-0.18/missing --run autoconf'
AUTOHEADER='${SHELL} /tmp/3/screen-message-0.18/missing --run autoheader'
AUTOMAKE='${SHELL} /tmp/3/screen-message-0.18/missing --run automake-1.11'
AWK='gawk'
CC='gcc'
CCDEPMODE='depmode=gcc3'
CFLAGS='-g -O2'
CPP='gcc -E'
CPPFLAGS=''
CYGPATH_W='echo'
DEFS='-DHAVE_CONFIG_H'
DEPDIR='.deps'
DEPS_CFLAGS='-pthread -I/usr/include/gtk-2.0 -I/usr/lib/gtk-2.0/include -I/usr/include/atk-1.0 -I/usr/include/cairo -I/usr/include/gdk-pixbuf-2.0 -I/usr/include/pango-1.0 -I/usr/include/glib-2.0 -I/usr/lib/glib-2.0/include -I/usr/include/pixman-1 -I/usr/include/freetype2 -I/usr/include/libpng14  '
DEPS_LIBS='-pthread -lgtk-x11-2.0 -latk-1.0 -lgio-2.0 -lpangoft2-1.0 -lfreetype -lfontconfig -lgdk-x11-2.0 -lpangocairo-1.0 -lgdk_pixbuf-2.0 -lcairo -lpango-1.0 -lgobject-2.0 -lgmodule-2.0 -lgthread-2.0 -lrt -lglib-2.0  '
ECHO_C=''
ECHO_N='-n'
ECHO_T=''
EGREP='/bin/grep -E'
EXEEXT=''
GREP='/bin/grep'
INSTALL_DATA='${INSTALL} -m 644'
INSTALL_PROGRAM='${INSTALL}'
INSTALL_SCRIPT='${INSTALL}'
INSTALL_STRIP_PROGRAM='$(install_sh) -c -s'
ISCC=''
LDFLAGS=''
LIBOBJS=''
LIBS=''
LTLIBOBJS=''
MAKEINFO='${SHELL} /tmp/3/screen-message-0.18/missing --run makeinfo'
MKDIR_P='/bin/mkdir -p'
OBJEXT='o'
PACKAGE='screen-message'
PACKAGE_BUGREPORT='mail@joachim-breitner.de'
PACKAGE_NAME='screen-message'
PACKAGE_STRING='screen-message 0.18'
PACKAGE_TARNAME='screen-message'
PACKAGE_URL=''
PACKAGE_VERSION='0.18'
PATH_SEPARATOR=':'
PKG_CONFIG='/usr/bin/pkg-config'
SET_MAKE=''
SHELL='/bin/sh'
STRIP=''
VERSION='0.18'
WIN32_FALSE=''
WIN32_GTK=''
WIN32_TRUE='#'
WINDRES=''
WINE=''
WINEPATH=''
ac_ct_CC='gcc'
am__EXEEXT_FALSE=''
am__EXEEXT_TRUE='#'
am__fastdepCC_FALSE='#'
am__fastdepCC_TRUE=''
am__include='include'
am__isrc=''
am__leading_dot='.'
am__quote=''
am__tar='${AMTAR} chof - "$$tardir"'
am__untar='${AMTAR} xf -'
bindir='${exec_prefix}/bin'
build_alias=''
datadir='${datarootdir}'
datarootdir='${prefix}/share'
docdir='${datarootdir}/doc/${PACKAGE_TARNAME}'
dvidir='${docdir}'
exec_prefix='${prefix}'
host_alias=''
htmldir='${docdir}'
includedir='${prefix}/include'
infodir='${datarootdir}/info'
install_sh='${SHELL} /tmp/3/screen-message-0.18/install-sh'
libdir='${exec_prefix}/lib'
libexecdir='${exec_prefix}/libexec'
localedir='${datarootdir}/locale'
localstatedir='${prefix}/var'
mandir='${datarootdir}/man'
mkdir_p='/bin/mkdir -p'
oldincludedir='/usr/include'
pdfdir='${docdir}'
prefix='/usr/local'
program_transform_name='s,x,x,'
psdir='${docdir}'
sbindir='${exec_prefix}/sbin'
sharedstatedir='${prefix}/com'
sysconfdir='${prefix}/etc'
target_alias=''

## ----------- ##
## confdefs.h. ##
## ----------- ##

/* confdefs.h */
#define PACKAGE_NAME "screen-message"
#define PACKAGE_TARNAME "screen-message"
#define PACKAGE_VERSION "0.18"
#define PACKAGE_STRING "screen-message 0.18"
#define PACKAGE_BUGREPORT "mail@joachim-breitner.de"
#define PACKAGE_URL ""
#define PACKAGE "screen-message"
#define VERSION "0.18"
#define STDC_HEADERS 1

configure: exit 0
